10-Jan-2026 09:53:09.541 INFO [main] org.apache.catalina.startup.VersionLoggerListener.log Server version name:   Apache Tomcat/11.0.15
10-Jan-2026 09:53:09.544 INFO [main] org.apache.catalina.startup.VersionLoggerListener.log Server built:          Dec 2 2025 16:32:48 UTC
10-Jan-2026 09:53:09.545 INFO [main] org.apache.catalina.startup.VersionLoggerListener.log Server version number: 11.0.15.0
10-Jan-2026 09:53:09.545 INFO [main] org.apache.catalina.startup.VersionLoggerListener.log OS Name:               Windows 11
10-Jan-2026 09:53:09.545 INFO [main] org.apache.catalina.startup.VersionLoggerListener.log OS Version:            10.0
10-Jan-2026 09:53:09.545 INFO [main] org.apache.catalina.startup.VersionLoggerListener.log Architecture:          amd64
10-Jan-2026 09:53:09.545 INFO [main] org.apache.catalina.startup.VersionLoggerListener.log Java Home:             C:\Program Files\Java\jdk-25
10-Jan-2026 09:53:09.546 INFO [main] org.apache.catalina.startup.VersionLoggerListener.log JVM Version:           25+37-LTS-3491
10-Jan-2026 09:53:09.546 INFO [main] org.apache.catalina.startup.VersionLoggerListener.log JVM Vendor:            Oracle Corporation
10-Jan-2026 09:53:09.547 INFO [main] org.apache.catalina.startup.VersionLoggerListener.log CATALINA_BASE:         C:\Users\usedr\Documents\GitHub\USMReferenceBookHub\src\main\java\com\usm\bookhub
10-Jan-2026 09:53:09.547 INFO [main] org.apache.catalina.startup.VersionLoggerListener.log CATALINA_HOME:         C:\CAT201\apache-tomcat-11.0.15-windows-x64\apache-tomcat-11.0.15
10-Jan-2026 09:53:09.558 INFO [main] org.apache.catalina.startup.VersionLoggerListener.log Command line argument: --add-opens=java.base/java.lang=ALL-UNNAMED
10-Jan-2026 09:53:09.558 INFO [main] org.apache.catalina.startup.VersionLoggerListener.log Command line argument: --add-opens=java.base/java.io=ALL-UNNAMED
10-Jan-2026 09:53:09.558 INFO [main] org.apache.catalina.startup.VersionLoggerListener.log Command line argument: --add-opens=java.base/java.util=ALL-UNNAMED
10-Jan-2026 09:53:09.558 INFO [main] org.apache.catalina.startup.VersionLoggerListener.log Command line argument: --add-opens=java.base/java.util.concurrent=ALL-UNNAMED
10-Jan-2026 09:53:09.558 INFO [main] org.apache.catalina.startup.VersionLoggerListener.log Command line argument: --add-opens=java.rmi/sun.rmi.transport=ALL-UNNAMED
10-Jan-2026 09:53:09.558 INFO [main] org.apache.catalina.startup.VersionLoggerListener.log Command line argument: -Dcatalina.home=C:\CAT201\apache-tomcat-11.0.15-windows-x64\apache-tomcat-11.0.15
10-Jan-2026 09:53:09.558 INFO [main] org.apache.catalina.startup.VersionLoggerListener.log Command line argument: -Dcatalina.base=C:\Users\usedr\Documents\GitHub\USMReferenceBookHub\src\main\java\com\usm\bookhub
10-Jan-2026 09:53:09.558 INFO [main] org.apache.catalina.startup.VersionLoggerListener.log Command line argument: -Djava.io.tmpdir=C:\Users\usedr\Documents\GitHub\USMReferenceBookHub\src\main\java\com\usm\bookhub\temp
10-Jan-2026 09:53:09.558 INFO [main] org.apache.catalina.startup.VersionLoggerListener.log Command line argument: -Djava.util.logging.config.file=C:\Users\usedr\Documents\GitHub\USMReferenceBookHub\src\main\java\com\usm\bookhub\conf\logging.properties
10-Jan-2026 09:53:09.559 INFO [main] org.apache.catalina.startup.VersionLoggerListener.log Command line argument: -Djava.util.logging.manager=org.apache.juli.ClassLoaderLogManager
10-Jan-2026 09:53:09.559 INFO [main] org.apache.catalina.startup.VersionLoggerListener.log Command line argument: -javaagent:C:\Program Files\JetBrains\IntelliJ IDEA 2025.2.3\lib\idea_rt.jar=55680
10-Jan-2026 09:53:09.559 INFO [main] org.apache.catalina.startup.VersionLoggerListener.log Command line argument: -Dfile.encoding=UTF-8
10-Jan-2026 09:53:09.559 INFO [main] org.apache.catalina.startup.VersionLoggerListener.log Command line argument: -Dsun.stdout.encoding=UTF-8
10-Jan-2026 09:53:09.559 INFO [main] org.apache.catalina.startup.VersionLoggerListener.log Command line argument: -Dsun.stderr.encoding=UTF-8
10-Jan-2026 09:53:09.752 INFO [main] org.apache.catalina.core.AprLifecycleListener.lifecycleEvent Loaded Apache Tomcat Native library [2.0.9] using APR version [1.7.6].
10-Jan-2026 09:53:09.763 INFO [main] org.apache.catalina.core.AprLifecycleListener.initializeSSL OpenSSL successfully initialized [OpenSSL 3.5.0 8 Apr 2025]
10-Jan-2026 09:53:10.100 INFO [main] org.apache.coyote.AbstractProtocol.init Initializing ProtocolHandler ["http-nio-8080"]
10-Jan-2026 09:53:10.118 INFO [main] org.apache.catalina.startup.Catalina.load Server initialization in [883] milliseconds
10-Jan-2026 09:53:10.168 INFO [main] org.apache.catalina.core.StandardService.startInternal Starting service [Catalina]
10-Jan-2026 09:53:10.168 INFO [main] org.apache.catalina.core.StandardEngine.startInternal Starting Servlet engine: [Apache Tomcat/11.0.15]
10-Jan-2026 09:53:10.182 INFO [main] org.apache.catalina.startup.HostConfig.deployDescriptor Deploying deployment descriptor [C:\Users\usedr\Documents\GitHub\USMReferenceBookHub\src\main\java\com\usm\bookhub\conf\Catalina\localhost\bookhub.xml]
10-Jan-2026 09:53:10.683 INFO [main] org.apache.catalina.startup.HostConfig.deployDescriptor Deployment of deployment descriptor [C:\Users\usedr\Documents\GitHub\USMReferenceBookHub\src\main\java\com\usm\bookhub\conf\Catalina\localhost\bookhub.xml] has finished in [497] ms
10-Jan-2026 09:53:10.687 INFO [main] org.apache.coyote.AbstractProtocol.start Starting ProtocolHandler ["http-nio-8080"]
10-Jan-2026 09:53:10.716 INFO [main] org.apache.catalina.startup.Catalina.start Server startup in [596] milliseconds
